=== projectLeader.sh add wcf nbnb
=== Wed Sep 26 14:01:06 CEST 2007
===================================

permission list [user]                            -- List permission rules    
permission add <user> <action> [action] [...]     -- Add a new permission rule
permission remove <user> <action> [action] [...]  -- Remove permission rule   

=== projectLeader.sh remove wcf d0nutnbnb
=== Wed Sep 26 14:02:44 CEST 2007
===================================

permission list [user]                            -- List permission rules    
permission add <user> <action> [action] [...]     -- Add a new permission rule
permission remove <user> <action> [action] [...]  -- Remove permission rule   

=== projectLeader.sh add wcf d0nut
=== Wed Sep 26 14:02:44 CEST 2007
===================================

permission list [user]                            -- List permission rules    
permission add <user> <action> [action] [...]     -- Add a new permission rule
permission remove <user> <action> [action] [...]  -- Remove permission rule   

=== project.sh phpbb phpBB
=== Sat Dec 15 20:05:03 CET 2007
===================================
Adding         /tmp/phpbb/trunk
Adding         /tmp/phpbb/branches
Adding         /tmp/phpbb/tags

Committed revision 1.
Creating and Initializing Project
 Configuring Project
  trac.repository_dir
  trac.database
  trac.templates_dir
  project.name
 Installing default wiki pages
 /usr/share/trac/wiki-default/TracTicketsCustomFields => TracTicketsCustomFields
 /usr/share/trac/wiki-default/WikiDeletePage => WikiDeletePage
 /usr/share/trac/wiki-default/TracBackup => TracBackup
 /usr/share/trac/wiki-default/TracTickets => TracTickets
 /usr/share/trac/wiki-default/TracInstall => TracInstall
 /usr/share/trac/wiki-default/TracTimeline => TracTimeline
 /usr/share/trac/wiki-default/TracRss => TracRss
 /usr/share/trac/wiki-default/WikiPageNames => WikiPageNames
 /usr/share/trac/wiki-default/TracImport => TracImport
 /usr/share/trac/wiki-default/TracFastCgi => TracFastCgi
 /usr/share/trac/wiki-default/TracIni => TracIni
 /usr/share/trac/wiki-default/WikiRestructuredText => WikiRestructuredText
 /usr/share/trac/wiki-default/TracPermissions => TracPermissions
 /usr/share/trac/wiki-default/TracSupport => TracSupport
 /usr/share/trac/wiki-default/WikiHtml => WikiHtml
 /usr/share/trac/wiki-default/TracSyntaxColoring => TracSyntaxColoring
 /usr/share/trac/wiki-default/TracModPython => TracModPython
 /usr/share/trac/wiki-default/WikiFormatting => WikiFormatting
 /usr/share/trac/wiki-default/TracBrowser => TracBrowser
 /usr/share/trac/wiki-default/WikiRestructuredTextLinks => WikiRestructuredTextLinks
 /usr/share/trac/wiki-default/TracNotification => TracNotification
 /usr/share/trac/wiki-default/TracUnicode => TracUnicode
 /usr/share/trac/wiki-default/TracAccessibility => TracAccessibility
 /usr/share/trac/wiki-default/TracEnvironment => TracEnvironment
 /usr/share/trac/wiki-default/TracReports => TracReports
 /usr/share/trac/wiki-default/WikiMacros => WikiMacros
 /usr/share/trac/wiki-default/TracCgi => TracCgi
 /usr/share/trac/wiki-default/CamelCase => CamelCase
 /usr/share/trac/wiki-default/WikiProcessors => WikiProcessors
 /usr/share/trac/wiki-default/TracSearch => TracSearch
 /usr/share/trac/wiki-default/TracQuery => TracQuery
 /usr/share/trac/wiki-default/WikiStart => WikiStart
 /usr/share/trac/wiki-default/TracLogging => TracLogging
 /usr/share/trac/wiki-default/SandBox => SandBox
 /usr/share/trac/wiki-default/TracStandalone => TracStandalone
 /usr/share/trac/wiki-default/TracLinks => TracLinks
 /usr/share/trac/wiki-default/TracPlugins => TracPlugins
 /usr/share/trac/wiki-default/TracRoadmap => TracRoadmap
 /usr/share/trac/wiki-default/RecentChanges => RecentChanges
 /usr/share/trac/wiki-default/TracUpgrade => TracUpgrade
 /usr/share/trac/wiki-default/TracChangeset => TracChangeset
 /usr/share/trac/wiki-default/TracAdmin => TracAdmin
 /usr/share/trac/wiki-default/TracGuide => TracGuide
 /usr/share/trac/wiki-default/TitleIndex => TitleIndex
 /usr/share/trac/wiki-default/TracWiki => TracWiki
 /usr/share/trac/wiki-default/TracInterfaceCustomization => TracInterfaceCustomization
 /usr/share/trac/wiki-default/WikiNewPage => WikiNewPage
 Indexing repository

---------------------------------------------------------------------
Project environment for 'phpBB' created.

You may now configure the environment by editing the file:

  /var/www/trac.easy-coding.de/web/trac/phpbb/conf/trac.ini

If you'd like to take this new project environment for a test drive,
try running the Trac standalone web server `tracd`:

  tracd --port 8000 /var/www/trac.easy-coding.de/web/trac/phpbb

Then point your browser to http://localhost:8000/phpbb.
There you can also browse the documentation for your installed
version of Trac, including information on further setup (such as
deploying Trac to a real web server).

The latest documentation can also always be found on the project
website:

  http://projects.edgewall.com/trac/

Congratulations!

=== project.sh biz Business
=== Sat May  3 23:21:02 CEST 2008
===================================
Adding         /tmp/biz/trunk
Adding         /tmp/biz/branches
Adding         /tmp/biz/tags

Committed revision 1.
Creating and Initializing Project
 Configuring Project
  trac.repository_dir
  trac.database
  trac.templates_dir
  project.name
 Installing default wiki pages
 /usr/share/trac/wiki-default/TracTicketsCustomFields => TracTicketsCustomFields
 /usr/share/trac/wiki-default/WikiDeletePage => WikiDeletePage
 /usr/share/trac/wiki-default/TracBackup => TracBackup
 /usr/share/trac/wiki-default/TracTickets => TracTickets
 /usr/share/trac/wiki-default/TracInstall => TracInstall
 /usr/share/trac/wiki-default/TracTimeline => TracTimeline
 /usr/share/trac/wiki-default/TracRss => TracRss
 /usr/share/trac/wiki-default/WikiPageNames => WikiPageNames
 /usr/share/trac/wiki-default/TracImport => TracImport
 /usr/share/trac/wiki-default/TracFastCgi => TracFastCgi
 /usr/share/trac/wiki-default/TracIni => TracIni
 /usr/share/trac/wiki-default/WikiRestructuredText => WikiRestructuredText
 /usr/share/trac/wiki-default/TracPermissions => TracPermissions
 /usr/share/trac/wiki-default/TracSupport => TracSupport
 /usr/share/trac/wiki-default/WikiHtml => WikiHtml
 /usr/share/trac/wiki-default/TracSyntaxColoring => TracSyntaxColoring
 /usr/share/trac/wiki-default/TracModPython => TracModPython
 /usr/share/trac/wiki-default/WikiFormatting => WikiFormatting
 /usr/share/trac/wiki-default/TracBrowser => TracBrowser
 /usr/share/trac/wiki-default/WikiRestructuredTextLinks => WikiRestructuredTextLinks
 /usr/share/trac/wiki-default/TracNotification => TracNotification
 /usr/share/trac/wiki-default/TracUnicode => TracUnicode
 /usr/share/trac/wiki-default/TracAccessibility => TracAccessibility
 /usr/share/trac/wiki-default/TracEnvironment => TracEnvironment
 /usr/share/trac/wiki-default/TracReports => TracReports
 /usr/share/trac/wiki-default/WikiMacros => WikiMacros
 /usr/share/trac/wiki-default/TracCgi => TracCgi
 /usr/share/trac/wiki-default/CamelCase => CamelCase
 /usr/share/trac/wiki-default/WikiProcessors => WikiProcessors
 /usr/share/trac/wiki-default/TracSearch => TracSearch
 /usr/share/trac/wiki-default/TracQuery => TracQuery
 /usr/share/trac/wiki-default/WikiStart => WikiStart
 /usr/share/trac/wiki-default/TracLogging => TracLogging
 /usr/share/trac/wiki-default/SandBox => SandBox
 /usr/share/trac/wiki-default/TracStandalone => TracStandalone
 /usr/share/trac/wiki-default/TracLinks => TracLinks
 /usr/share/trac/wiki-default/TracPlugins => TracPlugins
 /usr/share/trac/wiki-default/TracRoadmap => TracRoadmap
 /usr/share/trac/wiki-default/RecentChanges => RecentChanges
 /usr/share/trac/wiki-default/TracUpgrade => TracUpgrade
 /usr/share/trac/wiki-default/TracChangeset => TracChangeset
 /usr/share/trac/wiki-default/TracAdmin => TracAdmin
 /usr/share/trac/wiki-default/TracGuide => TracGuide
 /usr/share/trac/wiki-default/TitleIndex => TitleIndex
 /usr/share/trac/wiki-default/TracWiki => TracWiki
 /usr/share/trac/wiki-default/TracInterfaceCustomization => TracInterfaceCustomization
 /usr/share/trac/wiki-default/WikiNewPage => WikiNewPage
 Indexing repository

---------------------------------------------------------------------
Project environment for 'Business' created.

You may now configure the environment by editing the file:

  /var/www/trac.easy-coding.de/web/trac/biz/conf/trac.ini

If you'd like to take this new project environment for a test drive,
try running the Trac standalone web server `tracd`:

  tracd --port 8000 /var/www/trac.easy-coding.de/web/trac/biz

Then point your browser to http://localhost:8000/biz.
There you can also browse the documentation for your installed
version of Trac, including information on further setup (such as
deploying Trac to a real web server).

The latest documentation can also always be found on the project
website:

  http://projects.edgewall.com/trac/

Congratulations!

=== project.sh wcfkitchen Tatzels
=== Sun Jun  1 09:11:01 CEST 2008
===================================
Adding         /tmp/wcfkitchen/trunk
Adding         /tmp/wcfkitchen/branches
Adding         /tmp/wcfkitchen/tags

Committed revision 1.
Creating and Initializing Project
 Configuring Project
  trac.repository_dir
  trac.database
  trac.templates_dir
  project.name
 Installing default wiki pages
 /usr/share/trac/wiki-default/TracTicketsCustomFields => TracTicketsCustomFields
 /usr/share/trac/wiki-default/WikiDeletePage => WikiDeletePage
 /usr/share/trac/wiki-default/TracBackup => TracBackup
 /usr/share/trac/wiki-default/TracTickets => TracTickets
 /usr/share/trac/wiki-default/TracInstall => TracInstall
 /usr/share/trac/wiki-default/TracTimeline => TracTimeline
 /usr/share/trac/wiki-default/TracRss => TracRss
 /usr/share/trac/wiki-default/WikiPageNames => WikiPageNames
 /usr/share/trac/wiki-default/TracImport => TracImport
 /usr/share/trac/wiki-default/TracFastCgi => TracFastCgi
 /usr/share/trac/wiki-default/TracIni => TracIni
 /usr/share/trac/wiki-default/WikiRestructuredText => WikiRestructuredText
 /usr/share/trac/wiki-default/TracPermissions => TracPermissions
 /usr/share/trac/wiki-default/TracSupport => TracSupport
 /usr/share/trac/wiki-default/WikiHtml => WikiHtml
 /usr/share/trac/wiki-default/TracSyntaxColoring => TracSyntaxColoring
 /usr/share/trac/wiki-default/TracModPython => TracModPython
 /usr/share/trac/wiki-default/WikiFormatting => WikiFormatting
 /usr/share/trac/wiki-default/TracBrowser => TracBrowser
 /usr/share/trac/wiki-default/WikiRestructuredTextLinks => WikiRestructuredTextLinks
 /usr/share/trac/wiki-default/TracNotification => TracNotification
 /usr/share/trac/wiki-default/TracUnicode => TracUnicode
 /usr/share/trac/wiki-default/TracAccessibility => TracAccessibility
 /usr/share/trac/wiki-default/TracEnvironment => TracEnvironment
 /usr/share/trac/wiki-default/TracReports => TracReports
 /usr/share/trac/wiki-default/WikiMacros => WikiMacros
 /usr/share/trac/wiki-default/TracCgi => TracCgi
 /usr/share/trac/wiki-default/CamelCase => CamelCase
 /usr/share/trac/wiki-default/WikiProcessors => WikiProcessors
 /usr/share/trac/wiki-default/TracSearch => TracSearch
 /usr/share/trac/wiki-default/TracQuery => TracQuery
 /usr/share/trac/wiki-default/WikiStart => WikiStart
 /usr/share/trac/wiki-default/TracLogging => TracLogging
 /usr/share/trac/wiki-default/SandBox => SandBox
 /usr/share/trac/wiki-default/TracStandalone => TracStandalone
 /usr/share/trac/wiki-default/TracLinks => TracLinks
 /usr/share/trac/wiki-default/TracPlugins => TracPlugins
 /usr/share/trac/wiki-default/TracRoadmap => TracRoadmap
 /usr/share/trac/wiki-default/RecentChanges => RecentChanges
 /usr/share/trac/wiki-default/TracUpgrade => TracUpgrade
 /usr/share/trac/wiki-default/TracChangeset => TracChangeset
 /usr/share/trac/wiki-default/TracAdmin => TracAdmin
 /usr/share/trac/wiki-default/TracGuide => TracGuide
 /usr/share/trac/wiki-default/TitleIndex => TitleIndex
 /usr/share/trac/wiki-default/TracWiki => TracWiki
 /usr/share/trac/wiki-default/TracInterfaceCustomization => TracInterfaceCustomization
 /usr/share/trac/wiki-default/WikiNewPage => WikiNewPage
 Indexing repository

---------------------------------------------------------------------
Project environment for 'Tatzels' created.

You may now configure the environment by editing the file:

  /var/www/trac.easy-coding.de/web/trac/wcfkitchen/conf/trac.ini

If you'd like to take this new project environment for a test drive,
try running the Trac standalone web server `tracd`:

  tracd --port 8000 /var/www/trac.easy-coding.de/web/trac/wcfkitchen

Then point your browser to http://localhost:8000/wcfkitchen.
There you can also browse the documentation for your installed
version of Trac, including information on further setup (such as
deploying Trac to a real web server).

The latest documentation can also always be found on the project
website:

  http://projects.edgewall.com/trac/

Congratulations!

=== project.sh thesis Collaborative
=== Fri Jun 20 15:02:22 CEST 2008
===================================
Adding         /tmp/thesis/trunk
Adding         /tmp/thesis/branches
Adding         /tmp/thesis/tags

Committed revision 1.
Creating and Initializing Project
 Configuring Project
  trac.repository_dir
  trac.database
  trac.templates_dir
  project.name
 Installing default wiki pages
 /usr/share/trac/wiki-default/TracTicketsCustomFields => TracTicketsCustomFields
 /usr/share/trac/wiki-default/WikiDeletePage => WikiDeletePage
 /usr/share/trac/wiki-default/TracBackup => TracBackup
 /usr/share/trac/wiki-default/TracTickets => TracTickets
 /usr/share/trac/wiki-default/TracInstall => TracInstall
 /usr/share/trac/wiki-default/TracTimeline => TracTimeline
 /usr/share/trac/wiki-default/TracRss => TracRss
 /usr/share/trac/wiki-default/WikiPageNames => WikiPageNames
 /usr/share/trac/wiki-default/TracImport => TracImport
 /usr/share/trac/wiki-default/TracFastCgi => TracFastCgi
 /usr/share/trac/wiki-default/TracIni => TracIni
 /usr/share/trac/wiki-default/WikiRestructuredText => WikiRestructuredText
 /usr/share/trac/wiki-default/TracPermissions => TracPermissions
 /usr/share/trac/wiki-default/TracSupport => TracSupport
 /usr/share/trac/wiki-default/WikiHtml => WikiHtml
 /usr/share/trac/wiki-default/TracSyntaxColoring => TracSyntaxColoring
 /usr/share/trac/wiki-default/TracModPython => TracModPython
 /usr/share/trac/wiki-default/WikiFormatting => WikiFormatting
 /usr/share/trac/wiki-default/TracBrowser => TracBrowser
 /usr/share/trac/wiki-default/WikiRestructuredTextLinks => WikiRestructuredTextLinks
 /usr/share/trac/wiki-default/TracNotification => TracNotification
 /usr/share/trac/wiki-default/TracUnicode => TracUnicode
 /usr/share/trac/wiki-default/TracAccessibility => TracAccessibility
 /usr/share/trac/wiki-default/TracEnvironment => TracEnvironment
 /usr/share/trac/wiki-default/TracReports => TracReports
 /usr/share/trac/wiki-default/WikiMacros => WikiMacros
 /usr/share/trac/wiki-default/TracCgi => TracCgi
 /usr/share/trac/wiki-default/CamelCase => CamelCase
 /usr/share/trac/wiki-default/WikiProcessors => WikiProcessors
 /usr/share/trac/wiki-default/TracSearch => TracSearch
 /usr/share/trac/wiki-default/TracQuery => TracQuery
 /usr/share/trac/wiki-default/WikiStart => WikiStart
 /usr/share/trac/wiki-default/TracLogging => TracLogging
 /usr/share/trac/wiki-default/SandBox => SandBox
 /usr/share/trac/wiki-default/TracStandalone => TracStandalone
 /usr/share/trac/wiki-default/TracLinks => TracLinks
 /usr/share/trac/wiki-default/TracPlugins => TracPlugins
 /usr/share/trac/wiki-default/TracRoadmap => TracRoadmap
 /usr/share/trac/wiki-default/RecentChanges => RecentChanges
 /usr/share/trac/wiki-default/TracUpgrade => TracUpgrade
 /usr/share/trac/wiki-default/TracChangeset => TracChangeset
 /usr/share/trac/wiki-default/TracAdmin => TracAdmin
 /usr/share/trac/wiki-default/TracGuide => TracGuide
 /usr/share/trac/wiki-default/TitleIndex => TitleIndex
 /usr/share/trac/wiki-default/TracWiki => TracWiki
 /usr/share/trac/wiki-default/TracInterfaceCustomization => TracInterfaceCustomization
 /usr/share/trac/wiki-default/WikiNewPage => WikiNewPage
 Indexing repository

---------------------------------------------------------------------
Project environment for 'Collaborative' created.

You may now configure the environment by editing the file:

  /var/www/trac.easy-coding.de/web/trac/thesis/conf/trac.ini

If you'd like to take this new project environment for a test drive,
try running the Trac standalone web server `tracd`:

  tracd --port 8000 /var/www/trac.easy-coding.de/web/trac/thesis

Then point your browser to http://localhost:8000/thesis.
There you can also browse the documentation for your installed
version of Trac, including information on further setup (such as
deploying Trac to a real web server).

The latest documentation can also always be found on the project
website:

  http://projects.edgewall.com/trac/

Congratulations!

=== project.sh sparky Sparky
=== Sat Sep 27 23:09:34 CEST 2008
===================================
Adding         /tmp/sparky/trunk
Adding         /tmp/sparky/branches
Adding         /tmp/sparky/tags

Committed revision 1.
Creating and Initializing Project
 Configuring Project
  trac.repository_dir
  trac.database
  trac.templates_dir
  project.name
 Installing default wiki pages
 /usr/share/trac/wiki-default/TracTicketsCustomFields => TracTicketsCustomFields
 /usr/share/trac/wiki-default/WikiDeletePage => WikiDeletePage
 /usr/share/trac/wiki-default/TracBackup => TracBackup
 /usr/share/trac/wiki-default/TracTickets => TracTickets
 /usr/share/trac/wiki-default/TracInstall => TracInstall
 /usr/share/trac/wiki-default/TracTimeline => TracTimeline
 /usr/share/trac/wiki-default/TracRss => TracRss
 /usr/share/trac/wiki-default/WikiPageNames => WikiPageNames
 /usr/share/trac/wiki-default/TracImport => TracImport
 /usr/share/trac/wiki-default/TracFastCgi => TracFastCgi
 /usr/share/trac/wiki-default/TracIni => TracIni
 /usr/share/trac/wiki-default/WikiRestructuredText => WikiRestructuredText
 /usr/share/trac/wiki-default/TracPermissions => TracPermissions
 /usr/share/trac/wiki-default/TracSupport => TracSupport
 /usr/share/trac/wiki-default/WikiHtml => WikiHtml
 /usr/share/trac/wiki-default/TracSyntaxColoring => TracSyntaxColoring
 /usr/share/trac/wiki-default/TracModPython => TracModPython
 /usr/share/trac/wiki-default/WikiFormatting => WikiFormatting
 /usr/share/trac/wiki-default/TracBrowser => TracBrowser
 /usr/share/trac/wiki-default/WikiRestructuredTextLinks => WikiRestructuredTextLinks
 /usr/share/trac/wiki-default/TracNotification => TracNotification
 /usr/share/trac/wiki-default/TracUnicode => TracUnicode
 /usr/share/trac/wiki-default/TracAccessibility => TracAccessibility
 /usr/share/trac/wiki-default/TracEnvironment => TracEnvironment
 /usr/share/trac/wiki-default/TracReports => TracReports
 /usr/share/trac/wiki-default/WikiMacros => WikiMacros
 /usr/share/trac/wiki-default/TracCgi => TracCgi
 /usr/share/trac/wiki-default/CamelCase => CamelCase
 /usr/share/trac/wiki-default/WikiProcessors => WikiProcessors
 /usr/share/trac/wiki-default/TracSearch => TracSearch
 /usr/share/trac/wiki-default/TracQuery => TracQuery
 /usr/share/trac/wiki-default/WikiStart => WikiStart
 /usr/share/trac/wiki-default/TracLogging => TracLogging
 /usr/share/trac/wiki-default/SandBox => SandBox
 /usr/share/trac/wiki-default/TracStandalone => TracStandalone
 /usr/share/trac/wiki-default/TracLinks => TracLinks
 /usr/share/trac/wiki-default/TracPlugins => TracPlugins
 /usr/share/trac/wiki-default/TracRoadmap => TracRoadmap
 /usr/share/trac/wiki-default/RecentChanges => RecentChanges
 /usr/share/trac/wiki-default/TracUpgrade => TracUpgrade
 /usr/share/trac/wiki-default/TracChangeset => TracChangeset
 /usr/share/trac/wiki-default/TracAdmin => TracAdmin
 /usr/share/trac/wiki-default/TracGuide => TracGuide
 /usr/share/trac/wiki-default/TitleIndex => TitleIndex
 /usr/share/trac/wiki-default/TracWiki => TracWiki
 /usr/share/trac/wiki-default/TracInterfaceCustomization => TracInterfaceCustomization
 /usr/share/trac/wiki-default/WikiNewPage => WikiNewPage
 Indexing repository

---------------------------------------------------------------------
Project environment for 'Sparky' created.

You may now configure the environment by editing the file:

  /var/www/trac.easy-coding.de/web/trac/sparky/conf/trac.ini

If you'd like to take this new project environment for a test drive,
try running the Trac standalone web server `tracd`:

  tracd --port 8000 /var/www/trac.easy-coding.de/web/trac/sparky

Then point your browser to http://localhost:8000/sparky.
There you can also browse the documentation for your installed
version of Trac, including information on further setup (such as
deploying Trac to a real web server).

The latest documentation can also always be found on the project
website:

  http://projects.edgewall.com/trac/

Congratulations!

